<?xml version="1.0" encoding="UTF-8"?>
<testsuites name="TS0001-PositiveLogin" time="182.336" tests="2" failures="0" errors="0">
   <testsuite name="TS0001-PositiveLogin" tests="2" failures="0" errors="0" time="182.336" skipped="0" timestamp="2023-04-30 00:47:38" hostname="USER - 192.168.1.72" id="Test Suites/TS0001-PositiveLogin">
      <properties>
         <property name="deviceName" value="emulator-5554 (Android SDK built for x86 - Android 7.0)"/>
         <property name="devicePlatform" value=""/>
         <property name="logFolder" value="C:\\Users\\USER\\git\\mobileTestNew_katalonQuiz\\Reports\\20230430_004726\\TS0001-PositiveLogin\\20230430_004726"/>
         <property name="logFiles" value="C:\\Users\\USER\\git\\mobileTestNew_katalonQuiz\\Reports\\20230430_004726\\TS0001-PositiveLogin\\20230430_004726\\appium.log, C:\\Users\\USER\\git\\mobileTestNew_katalonQuiz\\Reports\\20230430_004726\\TS0001-PositiveLogin\\20230430_004726\\execution0.log"/>
         <property name="attachments" value=""/>
         <property name="hostName" value="USER - 192.168.1.72"/>
         <property name="os" value="Windows 10 64bit"/>
         <property name="appiumServerStatus" value="{&quot;value&quot;:{&quot;build&quot;:{&quot;version&quot;:&quot;1.22.3&quot;}},&quot;sessionId&quot;:null,&quot;status&quot;:0}"/>
         <property name="katalonVersion" value="8.6.0.208"/>
         <property name="deviceOS" value="Android"/>
         <property name="appiumVersion" value="1.22.3"/>
         <property name="deviceModel" value="Android SDK built for x86"/>
         <property name="hostAddress" value="192.168.1.72"/>
         <property name="deviceManufacturer" value="Google"/>
         <property name="deviceId" value="emulator-5554"/>
         <property name="deviceName" value="emulator-5554 (Android SDK built for x86 - Android 7.0)"/>
         <property name="deviceOSVersion" value="7.0"/>
      </properties>
      <testcase name="Test Cases/SK01-Login/Positive_Case/TC002-LoginRegisterUser" time="100.917" classname="Test Cases/SK01-Login/Positive_Case/TC002-LoginRegisterUser" status="PASSED">
         <system-out><![CDATA[2023-04-30 00:47:39 - [TEST_CASE][PASSED] - Test Cases/SK01-Login/Positive_Case/TC002-LoginRegisterUser: Test Cases/SK01-Login/Positive_Case/TC002-LoginRegisterUser

2023-04-30 00:47:41 - [TEST_STEP][PASSED] - startApplication("E:\Android-MyDemoAppRN.1.2.0.build-231_2.apk", true): Started app at: 'E:\Android-MyDemoAppRN.1.2.0.build-231_2.apk'

2023-04-30 00:47:43 - [MESSAGE][INFO] - Detected NodeJS location: "C:\Program Files\nodejs\node.exe"

2023-04-30 00:47:48 - [MESSAGE][INFO] - Appium server started on port 50.056

2023-04-30 00:48:56 - [MESSAGE][PASSED] - Started app at: 'E:\Android-MyDemoAppRN.1.2.0.build-231_2.apk'

2023-04-30 00:48:56 - [TEST_STEP][PASSED] - tap(findTestObject("P01-Product/btn-burgerMenu"), 0): Tapped on element 'Object Repository/P01-Product/btn-burgerMenu'

2023-04-30 00:48:56 - [MESSAGE][WARNING] - Timeout '0' is invalid. Using default page load timeout: '30'

2023-04-30 00:48:58 - [MESSAGE][PASSED] - Tapped on element 'Object Repository/P01-Product/btn-burgerMenu'

2023-04-30 00:48:58 - [TEST_STEP][PASSED] - scrollToText("Log In"): Scrolling to text 'Log In' successfully

2023-04-30 00:49:02 - [MESSAGE][PASSED] - Scrolling to text 'Log In' successfully

2023-04-30 00:49:02 - [TEST_STEP][PASSED] - tap(findTestObject("P01-Product/btn-BurgerMenu_login"), 0): Tapped on element 'Object Repository/P01-Product/btn-BurgerMenu_login'

2023-04-30 00:49:02 - [MESSAGE][WARNING] - Timeout '0' is invalid. Using default page load timeout: '30'

2023-04-30 00:49:03 - [MESSAGE][PASSED] - Tapped on element 'Object Repository/P01-Product/btn-BurgerMenu_login'

2023-04-30 00:49:03 - [TEST_STEP][PASSED] - setText(findTestObject("P02-Login/editText-usernameLogin"), "bob@example.com", 0): Text 'bob@example.com' has been set to element 'Object Repository/P02-Login/editText-usernameLogin'

2023-04-30 00:49:04 - [MESSAGE][WARNING] - Timeout '0' is invalid. Using default page load timeout: '30'

2023-04-30 00:49:08 - [MESSAGE][PASSED] - Text 'bob@example.com' has been set to element 'Object Repository/P02-Login/editText-usernameLogin'

2023-04-30 00:49:08 - [TEST_STEP][PASSED] - setEncryptedText(findTestObject("P02-Login/editText-passwordLogin"), "dbXIBZ66cuht4KTRMDozZw==", 0): Encrypted text 'dbXIBZ66cuht4KTRMDozZw==' has been set to element 'Object Repository/P02-Login/editText-passwordLogin'

2023-04-30 00:49:08 - [MESSAGE][WARNING] - Timeout '0' is invalid. Using default page load timeout: '30'

2023-04-30 00:49:09 - [MESSAGE][PASSED] - Encrypted text 'dbXIBZ66cuht4KTRMDozZw==' has been set to element 'Object Repository/P02-Login/editText-passwordLogin'

2023-04-30 00:49:09 - [TEST_STEP][PASSED] - tap(findTestObject("P02-Login/btn-login"), 0): Tapped on element 'Object Repository/P02-Login/btn-login'

2023-04-30 00:49:10 - [MESSAGE][WARNING] - Timeout '0' is invalid. Using default page load timeout: '30'

2023-04-30 00:49:10 - [MESSAGE][PASSED] - Tapped on element 'Object Repository/P02-Login/btn-login'

2023-04-30 00:49:10 - [TEST_STEP][PASSED] - verifyElementText(findTestObject("P01-Product/textView-titleProductPage"), "Products"): Actual text and expected text of test object 'Object Repository/P01-Product/textView-titleProductPage' are matched.

2023-04-30 00:49:13 - [MESSAGE][PASSED] - Actual text and expected text of test object 'Object Repository/P01-Product/textView-titleProductPage' are matched.

2023-04-30 00:49:13 - [TEST_STEP][PASSED] - closeApplication(): Close app successfully

2023-04-30 00:49:20 - [MESSAGE][PASSED] - Close app successfully]]></system-out>
         <system-err><![CDATA[]]></system-err>
      </testcase>
      <testcase name="Test Cases/SK01-Login/Positive_Case/TC003-LoginLockedUser" time="80.091" classname="Test Cases/SK01-Login/Positive_Case/TC003-LoginLockedUser" status="PASSED">
         <system-out><![CDATA[2023-04-30 00:49:20 - [TEST_CASE][PASSED] - Test Cases/SK01-Login/Positive_Case/TC003-LoginLockedUser: Test Cases/SK01-Login/Positive_Case/TC003-LoginLockedUser

2023-04-30 00:49:22 - [TEST_STEP][PASSED] - startApplication("E:\Android-MyDemoAppRN.1.2.0.build-231_2.apk", true): Started app at: 'E:\Android-MyDemoAppRN.1.2.0.build-231_2.apk'

2023-04-30 00:49:22 - [MESSAGE][INFO] - Detected NodeJS location: "C:\Program Files\nodejs\node.exe"

2023-04-30 00:49:27 - [MESSAGE][INFO] - Appium server started on port 50.216

2023-04-30 00:50:21 - [MESSAGE][PASSED] - Started app at: 'E:\Android-MyDemoAppRN.1.2.0.build-231_2.apk'

2023-04-30 00:50:21 - [TEST_STEP][PASSED] - tap(findTestObject("P01-Product/btn-burgerMenu"), 0): Tapped on element 'Object Repository/P01-Product/btn-burgerMenu'

2023-04-30 00:50:22 - [MESSAGE][WARNING] - Timeout '0' is invalid. Using default page load timeout: '30'

2023-04-30 00:50:23 - [MESSAGE][PASSED] - Tapped on element 'Object Repository/P01-Product/btn-burgerMenu'

2023-04-30 00:50:23 - [TEST_STEP][PASSED] - scrollToText("Log In"): Scrolling to text 'Log In' successfully

2023-04-30 00:50:26 - [MESSAGE][PASSED] - Scrolling to text 'Log In' successfully

2023-04-30 00:50:26 - [TEST_STEP][PASSED] - tap(findTestObject("P01-Product/btn-BurgerMenu_login"), 0): Tapped on element 'Object Repository/P01-Product/btn-BurgerMenu_login'

2023-04-30 00:50:26 - [MESSAGE][WARNING] - Timeout '0' is invalid. Using default page load timeout: '30'

2023-04-30 00:50:28 - [MESSAGE][PASSED] - Tapped on element 'Object Repository/P01-Product/btn-BurgerMenu_login'

2023-04-30 00:50:28 - [TEST_STEP][PASSED] - setText(findTestObject("P02-Login/editText-usernameLogin"), "alice@example.com", 0): Text 'alice@example.com' has been set to element 'Object Repository/P02-Login/editText-usernameLogin'

2023-04-30 00:50:28 - [MESSAGE][WARNING] - Timeout '0' is invalid. Using default page load timeout: '30'

2023-04-30 00:50:32 - [MESSAGE][PASSED] - Text 'alice@example.com' has been set to element 'Object Repository/P02-Login/editText-usernameLogin'

2023-04-30 00:50:32 - [TEST_STEP][PASSED] - setEncryptedText(findTestObject("P02-Login/editText-passwordLogin"), "dbXIBZ66cuht4KTRMDozZw==", 0): Encrypted text 'dbXIBZ66cuht4KTRMDozZw==' has been set to element 'Object Repository/P02-Login/editText-passwordLogin'

2023-04-30 00:50:32 - [MESSAGE][WARNING] - Timeout '0' is invalid. Using default page load timeout: '30'

2023-04-30 00:50:33 - [MESSAGE][PASSED] - Encrypted text 'dbXIBZ66cuht4KTRMDozZw==' has been set to element 'Object Repository/P02-Login/editText-passwordLogin'

2023-04-30 00:50:33 - [TEST_STEP][PASSED] - tap(findTestObject("P02-Login/btn-login"), 0): Tapped on element 'Object Repository/P02-Login/btn-login'

2023-04-30 00:50:34 - [MESSAGE][WARNING] - Timeout '0' is invalid. Using default page load timeout: '30'

2023-04-30 00:50:34 - [MESSAGE][PASSED] - Tapped on element 'Object Repository/P02-Login/btn-login'

2023-04-30 00:50:34 - [TEST_STEP][PASSED] - verifyElementText(findTestObject("P02-Login/textView-lockedUserWarning"), "Sorry, this user has been locked out."): Actual text and expected text of test object 'Object Repository/P02-Login/textView-lockedUserWarning' are matched.

2023-04-30 00:50:36 - [MESSAGE][PASSED] - Actual text and expected text of test object 'Object Repository/P02-Login/textView-lockedUserWarning' are matched.

2023-04-30 00:50:36 - [TEST_STEP][PASSED] - closeApplication(): Close app successfully

2023-04-30 00:50:40 - [MESSAGE][PASSED] - Close app successfully]]></system-out>
         <system-err><![CDATA[]]></system-err>
      </testcase>
      <system-out><![CDATA[2023-04-30 00:47:38 - [TEST_SUITE][PASSED] - TS0001-PositiveLogin: Test Cases/SK01-Login/Positive_Case/TC003-LoginLockedUser]]></system-out>
      <system-err><![CDATA[]]></system-err>
   </testsuite>
</testsuites>
