<?xml version="1.0" encoding="UTF-8"?>
<testsuites name="TS01-Positive_Login" time="165.884" tests="2" failures="0" errors="0">
   <testsuite name="TS01-Positive_Login" tests="2" failures="0" errors="0" time="165.884" skipped="0" timestamp="2023-04-29 23:19:56" hostname="USER - 192.168.1.72" id="Test Suites/TS01-Positive_Login">
      <properties>
         <property name="deviceName" value="emulator-5554 (Android SDK built for x86 - Android 7.0)"/>
         <property name="devicePlatform" value=""/>
         <property name="logFolder" value="C:\\Users\\USER\\git\\mobileTest_katalonQuiz7\\Reports\\20230429_231947\\TS01-Positive_Login\\20230429_231947"/>
         <property name="logFiles" value="C:\\Users\\USER\\git\\mobileTest_katalonQuiz7\\Reports\\20230429_231947\\TS01-Positive_Login\\20230429_231947\\appium.log, C:\\Users\\USER\\git\\mobileTest_katalonQuiz7\\Reports\\20230429_231947\\TS01-Positive_Login\\20230429_231947\\execution0.log"/>
         <property name="attachments" value=""/>
         <property name="hostName" value="USER - 192.168.1.72"/>
         <property name="os" value="Windows 10 64bit"/>
         <property name="appiumServerStatus" value="{&quot;value&quot;:{&quot;build&quot;:{&quot;version&quot;:&quot;1.22.3&quot;}},&quot;sessionId&quot;:null,&quot;status&quot;:0}"/>
         <property name="katalonVersion" value="8.6.0.208"/>
         <property name="deviceOS" value="Android"/>
         <property name="appiumVersion" value="1.22.3"/>
         <property name="deviceModel" value="Android SDK built for x86"/>
         <property name="hostAddress" value="192.168.1.72"/>
         <property name="deviceManufacturer" value="Google"/>
         <property name="deviceId" value="emulator-5554"/>
         <property name="deviceName" value="emulator-5554 (Android SDK built for x86 - Android 7.0)"/>
         <property name="deviceOSVersion" value="7.0"/>
      </properties>
      <testcase name="Test Cases/SK01-Login/Positive Case/TC002-Login_Registered_User" time="89.083" classname="Test Cases/SK01-Login/Positive Case/TC002-Login_Registered_User" status="PASSED">
         <system-out><![CDATA[2023-04-29 23:19:57 - [TEST_CASE][PASSED] - Test Cases/SK01-Login/Positive Case/TC002-Login_Registered_User: Test Cases/SK01-Login/Positive Case/TC002-Login_Registered_User

2023-04-29 23:19:59 - [TEST_STEP][PASSED] - startApplication("E:\Android-MyDemoAppRN.1.2.0.build-231_2.apk", true): Started app at: 'E:\Android-MyDemoAppRN.1.2.0.build-231_2.apk'

2023-04-29 23:20:01 - [MESSAGE][INFO] - Detected NodeJS location: "C:\Program Files\nodejs\node.exe"

2023-04-29 23:20:05 - [MESSAGE][INFO] - Appium server started on port 65.084

2023-04-29 23:21:03 - [MESSAGE][PASSED] - Started app at: 'E:\Android-MyDemoAppRN.1.2.0.build-231_2.apk'

2023-04-29 23:21:03 - [TEST_STEP][PASSED] - tap(findTestObject("P01-Product/btn-burgerMenu"), 0): Tapped on element 'Object Repository/P01-Product/btn-burgerMenu'

2023-04-29 23:21:04 - [MESSAGE][WARNING] - Timeout '0' is invalid. Using default page load timeout: '30'

2023-04-29 23:21:06 - [MESSAGE][PASSED] - Tapped on element 'Object Repository/P01-Product/btn-burgerMenu'

2023-04-29 23:21:06 - [TEST_STEP][PASSED] - scrollToText("Log In"): Scrolling to text 'Log In' successfully

2023-04-29 23:21:10 - [MESSAGE][PASSED] - Scrolling to text 'Log In' successfully

2023-04-29 23:21:10 - [TEST_STEP][PASSED] - tap(findTestObject("P01-Product/btn-BurgerMenu_login"), 0): Tapped on element 'Object Repository/P01-Product/btn-BurgerMenu_login'

2023-04-29 23:21:10 - [MESSAGE][WARNING] - Timeout '0' is invalid. Using default page load timeout: '30'

2023-04-29 23:21:11 - [MESSAGE][PASSED] - Tapped on element 'Object Repository/P01-Product/btn-BurgerMenu_login'

2023-04-29 23:21:11 - [TEST_STEP][PASSED] - setText(findTestObject("P02-Login/editText-usernameLogin"), "bob@example.com", 0): Text 'bob@example.com' has been set to element 'Object Repository/P02-Login/editText-usernameLogin'

2023-04-29 23:21:12 - [MESSAGE][WARNING] - Timeout '0' is invalid. Using default page load timeout: '30'

2023-04-29 23:21:15 - [MESSAGE][PASSED] - Text 'bob@example.com' has been set to element 'Object Repository/P02-Login/editText-usernameLogin'

2023-04-29 23:21:15 - [TEST_STEP][PASSED] - setEncryptedText(findTestObject("P02-Login/editText-passwordLogin"), "dbXIBZ66cuht4KTRMDozZw==", 0): Encrypted text 'dbXIBZ66cuht4KTRMDozZw==' has been set to element 'Object Repository/P02-Login/editText-passwordLogin'

2023-04-29 23:21:15 - [MESSAGE][WARNING] - Timeout '0' is invalid. Using default page load timeout: '30'

2023-04-29 23:21:17 - [MESSAGE][PASSED] - Encrypted text 'dbXIBZ66cuht4KTRMDozZw==' has been set to element 'Object Repository/P02-Login/editText-passwordLogin'

2023-04-29 23:21:17 - [TEST_STEP][PASSED] - tap(findTestObject("P02-Login/btn-login"), 0): Tapped on element 'Object Repository/P02-Login/btn-login'

2023-04-29 23:21:17 - [MESSAGE][WARNING] - Timeout '0' is invalid. Using default page load timeout: '30'

2023-04-29 23:21:18 - [MESSAGE][PASSED] - Tapped on element 'Object Repository/P02-Login/btn-login'

2023-04-29 23:21:18 - [TEST_STEP][PASSED] - verifyElementText(findTestObject("P01-Product/textView-titleProductPage"), "Products"): Actual text and expected text of test object 'Object Repository/P01-Product/textView-titleProductPage' are matched.

2023-04-29 23:21:20 - [MESSAGE][PASSED] - Actual text and expected text of test object 'Object Repository/P01-Product/textView-titleProductPage' are matched.

2023-04-29 23:21:20 - [TEST_STEP][PASSED] - closeApplication(): Close app successfully

2023-04-29 23:21:26 - [MESSAGE][PASSED] - Close app successfully]]></system-out>
         <system-err><![CDATA[]]></system-err>
      </testcase>
      <testcase name="Test Cases/SK01-Login/Positive Case/TC003-Login_Locked_User" time="75.683" classname="Test Cases/SK01-Login/Positive Case/TC003-Login_Locked_User" status="PASSED">
         <system-out><![CDATA[2023-04-29 23:21:26 - [TEST_CASE][PASSED] - Test Cases/SK01-Login/Positive Case/TC003-Login_Locked_User: Test Cases/SK01-Login/Positive Case/TC003-Login_Locked_User

2023-04-29 23:21:28 - [TEST_STEP][PASSED] - startApplication("E:\Android-MyDemoAppRN.1.2.0.build-231_2.apk", true): Started app at: 'E:\Android-MyDemoAppRN.1.2.0.build-231_2.apk'

2023-04-29 23:21:28 - [MESSAGE][INFO] - Detected NodeJS location: "C:\Program Files\nodejs\node.exe"

2023-04-29 23:21:32 - [MESSAGE][INFO] - Appium server started on port 65.214

2023-04-29 23:22:23 - [MESSAGE][PASSED] - Started app at: 'E:\Android-MyDemoAppRN.1.2.0.build-231_2.apk'

2023-04-29 23:22:23 - [TEST_STEP][PASSED] - tap(findTestObject("P01-Product/btn-burgerMenu"), 0): Tapped on element 'Object Repository/P01-Product/btn-burgerMenu'

2023-04-29 23:22:23 - [MESSAGE][WARNING] - Timeout '0' is invalid. Using default page load timeout: '30'

2023-04-29 23:22:24 - [MESSAGE][PASSED] - Tapped on element 'Object Repository/P01-Product/btn-burgerMenu'

2023-04-29 23:22:24 - [TEST_STEP][PASSED] - scrollToText("Log In"): Scrolling to text 'Log In' successfully

2023-04-29 23:22:28 - [MESSAGE][PASSED] - Scrolling to text 'Log In' successfully

2023-04-29 23:22:28 - [TEST_STEP][PASSED] - tap(findTestObject("P01-Product/btn-BurgerMenu_login"), 0): Tapped on element 'Object Repository/P01-Product/btn-BurgerMenu_login'

2023-04-29 23:22:28 - [MESSAGE][WARNING] - Timeout '0' is invalid. Using default page load timeout: '30'

2023-04-29 23:22:29 - [MESSAGE][PASSED] - Tapped on element 'Object Repository/P01-Product/btn-BurgerMenu_login'

2023-04-29 23:22:29 - [TEST_STEP][PASSED] - setText(findTestObject("P02-Login/editText-usernameLogin"), "alice@example.com", 0): Text 'alice@example.com' has been set to element 'Object Repository/P02-Login/editText-usernameLogin'

2023-04-29 23:22:30 - [MESSAGE][WARNING] - Timeout '0' is invalid. Using default page load timeout: '30'

2023-04-29 23:22:34 - [MESSAGE][PASSED] - Text 'alice@example.com' has been set to element 'Object Repository/P02-Login/editText-usernameLogin'

2023-04-29 23:22:34 - [TEST_STEP][PASSED] - setEncryptedText(findTestObject("P02-Login/editText-passwordLogin"), "dbXIBZ66cuht4KTRMDozZw==", 0): Encrypted text 'dbXIBZ66cuht4KTRMDozZw==' has been set to element 'Object Repository/P02-Login/editText-passwordLogin'

2023-04-29 23:22:34 - [MESSAGE][WARNING] - Timeout '0' is invalid. Using default page load timeout: '30'

2023-04-29 23:22:35 - [MESSAGE][PASSED] - Encrypted text 'dbXIBZ66cuht4KTRMDozZw==' has been set to element 'Object Repository/P02-Login/editText-passwordLogin'

2023-04-29 23:22:35 - [TEST_STEP][PASSED] - tap(findTestObject("P02-Login/btn-login"), 0): Tapped on element 'Object Repository/P02-Login/btn-login'

2023-04-29 23:22:36 - [MESSAGE][WARNING] - Timeout '0' is invalid. Using default page load timeout: '30'

2023-04-29 23:22:36 - [MESSAGE][PASSED] - Tapped on element 'Object Repository/P02-Login/btn-login'

2023-04-29 23:22:36 - [TEST_STEP][PASSED] - verifyElementText(findTestObject("P02-Login/textView-warningLockedUser"), "Sorry, this user has been locked out."): Actual text and expected text of test object 'Object Repository/P02-Login/textView-warningLockedUser' are matched.

2023-04-29 23:22:37 - [MESSAGE][PASSED] - Actual text and expected text of test object 'Object Repository/P02-Login/textView-warningLockedUser' are matched.

2023-04-29 23:22:37 - [TEST_STEP][PASSED] - closeApplication(): Close app successfully

2023-04-29 23:22:42 - [MESSAGE][PASSED] - Close app successfully]]></system-out>
         <system-err><![CDATA[]]></system-err>
      </testcase>
      <system-out><![CDATA[2023-04-29 23:19:56 - [TEST_SUITE][PASSED] - TS01-Positive_Login: Test Cases/SK01-Login/Positive Case/TC003-Login_Locked_User]]></system-out>
      <system-err><![CDATA[]]></system-err>
   </testsuite>
</testsuites>
