<?xml version="1.0" encoding="UTF-8"?>
<testsuites name="TS0002-NegativeLogin" time="465.214" tests="6" failures="0" errors="0">
   <testsuite name="TS0002-NegativeLogin" tests="6" failures="0" errors="0" time="465.214" skipped="0" timestamp="2023-04-30 01:35:43" hostname="USER - 192.168.1.72" id="Test Suites/TS0002-NegativeLogin">
      <properties>
         <property name="deviceName" value="emulator-5554 (Android SDK built for x86 - Android 7.0)"/>
         <property name="devicePlatform" value=""/>
         <property name="logFolder" value="C:\\Users\\USER\\git\\mobileTestNew_katalonQuiz\\Reports\\20230430_013532\\TS0002-NegativeLogin\\20230430_013532"/>
         <property name="logFiles" value="C:\\Users\\USER\\git\\mobileTestNew_katalonQuiz\\Reports\\20230430_013532\\TS0002-NegativeLogin\\20230430_013532\\appium.log, C:\\Users\\USER\\git\\mobileTestNew_katalonQuiz\\Reports\\20230430_013532\\TS0002-NegativeLogin\\20230430_013532\\execution0.log"/>
         <property name="attachments" value=""/>
         <property name="hostName" value="USER - 192.168.1.72"/>
         <property name="os" value="Windows 10 64bit"/>
         <property name="appiumServerStatus" value="{&quot;value&quot;:{&quot;build&quot;:{&quot;version&quot;:&quot;1.22.3&quot;}},&quot;sessionId&quot;:null,&quot;status&quot;:0}"/>
         <property name="katalonVersion" value="8.6.0.208"/>
         <property name="deviceOS" value="Android"/>
         <property name="appiumVersion" value="1.22.3"/>
         <property name="deviceModel" value="Android SDK built for x86"/>
         <property name="hostAddress" value="192.168.1.72"/>
         <property name="deviceManufacturer" value="Google"/>
         <property name="deviceId" value="emulator-5554"/>
         <property name="deviceName" value="emulator-5554 (Android SDK built for x86 - Android 7.0)"/>
         <property name="deviceOSVersion" value="7.0"/>
      </properties>
      <testcase name="Test Cases/SK01-Login/Negative_Case/TC004-LoginUnregisterUser" time="93.263" classname="Test Cases/SK01-Login/Negative_Case/TC004-LoginUnregisterUser" status="PASSED">
         <system-out><![CDATA[2023-04-30 01:35:44 - [TEST_CASE][PASSED] - Test Cases/SK01-Login/Negative_Case/TC004-LoginUnregisterUser: Test Cases/SK01-Login/Negative_Case/TC004-LoginUnregisterUser

2023-04-30 01:35:46 - [TEST_STEP][PASSED] - startApplication("E:\Android-MyDemoAppRN.1.2.0.build-231_2.apk", true): Started app at: 'E:\Android-MyDemoAppRN.1.2.0.build-231_2.apk'

2023-04-30 01:35:47 - [MESSAGE][INFO] - Detected NodeJS location: "C:\Program Files\nodejs\node.exe"

2023-04-30 01:35:52 - [MESSAGE][INFO] - Appium server started on port 51.231

2023-04-30 01:36:55 - [MESSAGE][PASSED] - Started app at: 'E:\Android-MyDemoAppRN.1.2.0.build-231_2.apk'

2023-04-30 01:36:55 - [TEST_STEP][PASSED] - tap(findTestObject("P01-Product/btn-burgerMenu"), 0): Tapped on element 'Object Repository/P01-Product/btn-burgerMenu'

2023-04-30 01:36:55 - [MESSAGE][WARNING] - Timeout '0' is invalid. Using default page load timeout: '30'

2023-04-30 01:36:57 - [MESSAGE][PASSED] - Tapped on element 'Object Repository/P01-Product/btn-burgerMenu'

2023-04-30 01:36:57 - [TEST_STEP][PASSED] - scrollToText("Log In"): Scrolling to text 'Log In' successfully

2023-04-30 01:37:01 - [MESSAGE][PASSED] - Scrolling to text 'Log In' successfully

2023-04-30 01:37:01 - [TEST_STEP][PASSED] - tap(findTestObject("P01-Product/btn-BurgerMenu_login"), 0): Tapped on element 'Object Repository/P01-Product/btn-BurgerMenu_login'

2023-04-30 01:37:01 - [MESSAGE][WARNING] - Timeout '0' is invalid. Using default page load timeout: '30'

2023-04-30 01:37:02 - [MESSAGE][PASSED] - Tapped on element 'Object Repository/P01-Product/btn-BurgerMenu_login'

2023-04-30 01:37:02 - [TEST_STEP][PASSED] - setText(findTestObject("P02-Login/editText-usernameLogin"), "ali@example.com", 0): Text 'ali@example.com' has been set to element 'Object Repository/P02-Login/editText-usernameLogin'

2023-04-30 01:37:03 - [MESSAGE][WARNING] - Timeout '0' is invalid. Using default page load timeout: '30'

2023-04-30 01:37:07 - [MESSAGE][PASSED] - Text 'ali@example.com' has been set to element 'Object Repository/P02-Login/editText-usernameLogin'

2023-04-30 01:37:07 - [TEST_STEP][PASSED] - setEncryptedText(findTestObject("P02-Login/editText-passwordLogin"), "tzH6RvlfSTg=", 0): Encrypted text 'tzH6RvlfSTg=' has been set to element 'Object Repository/P02-Login/editText-passwordLogin'

2023-04-30 01:37:08 - [MESSAGE][WARNING] - Timeout '0' is invalid. Using default page load timeout: '30'

2023-04-30 01:37:09 - [MESSAGE][PASSED] - Encrypted text 'tzH6RvlfSTg=' has been set to element 'Object Repository/P02-Login/editText-passwordLogin'

2023-04-30 01:37:09 - [TEST_STEP][PASSED] - tap(findTestObject("P02-Login/btn-login"), 0): Tapped on element 'Object Repository/P02-Login/btn-login'

2023-04-30 01:37:09 - [MESSAGE][WARNING] - Timeout '0' is invalid. Using default page load timeout: '30'

2023-04-30 01:37:10 - [MESSAGE][PASSED] - Tapped on element 'Object Repository/P02-Login/btn-login'

2023-04-30 01:37:10 - [TEST_STEP][PASSED] - verifyElementText(findTestObject("P02-Login/textView-warningWrongUser"), "Provided credentials do not match any user in this service."): Actual text and expected text of test object 'Object Repository/P02-Login/textView-warningWrongUser' are matched.

2023-04-30 01:37:11 - [MESSAGE][PASSED] - Actual text and expected text of test object 'Object Repository/P02-Login/textView-warningWrongUser' are matched.

2023-04-30 01:37:11 - [TEST_STEP][PASSED] - closeApplication(): Close app successfully

2023-04-30 01:37:17 - [MESSAGE][PASSED] - Close app successfully]]></system-out>
         <system-err><![CDATA[]]></system-err>
      </testcase>
      <testcase name="Test Cases/SK01-Login/Negative_Case/TC005-LoginWrongPassword" time="73.534" classname="Test Cases/SK01-Login/Negative_Case/TC005-LoginWrongPassword" status="PASSED">
         <system-out><![CDATA[2023-04-30 01:37:17 - [TEST_CASE][PASSED] - Test Cases/SK01-Login/Negative_Case/TC005-LoginWrongPassword: Test Cases/SK01-Login/Negative_Case/TC005-LoginWrongPassword

2023-04-30 01:37:18 - [TEST_STEP][PASSED] - startApplication("E:\Android-MyDemoAppRN.1.2.0.build-231_2.apk", true): Started app at: 'E:\Android-MyDemoAppRN.1.2.0.build-231_2.apk'

2023-04-30 01:37:19 - [MESSAGE][INFO] - Detected NodeJS location: "C:\Program Files\nodejs\node.exe"

2023-04-30 01:37:23 - [MESSAGE][INFO] - Appium server started on port 51.375

2023-04-30 01:38:12 - [MESSAGE][PASSED] - Started app at: 'E:\Android-MyDemoAppRN.1.2.0.build-231_2.apk'

2023-04-30 01:38:12 - [TEST_STEP][PASSED] - tap(findTestObject("P01-Product/btn-burgerMenu"), 0): Tapped on element 'Object Repository/P01-Product/btn-burgerMenu'

2023-04-30 01:38:13 - [MESSAGE][WARNING] - Timeout '0' is invalid. Using default page load timeout: '30'

2023-04-30 01:38:14 - [MESSAGE][PASSED] - Tapped on element 'Object Repository/P01-Product/btn-burgerMenu'

2023-04-30 01:38:14 - [TEST_STEP][PASSED] - scrollToText("Log In"): Scrolling to text 'Log In' successfully

2023-04-30 01:38:17 - [MESSAGE][PASSED] - Scrolling to text 'Log In' successfully

2023-04-30 01:38:17 - [TEST_STEP][PASSED] - tap(findTestObject("P01-Product/btn-BurgerMenu_login"), 0): Tapped on element 'Object Repository/P01-Product/btn-BurgerMenu_login'

2023-04-30 01:38:17 - [MESSAGE][WARNING] - Timeout '0' is invalid. Using default page load timeout: '30'

2023-04-30 01:38:18 - [MESSAGE][PASSED] - Tapped on element 'Object Repository/P01-Product/btn-BurgerMenu_login'

2023-04-30 01:38:18 - [TEST_STEP][PASSED] - setText(findTestObject("P02-Login/editText-usernameLogin"), "bob@example.com", 0): Text 'bob@example.com' has been set to element 'Object Repository/P02-Login/editText-usernameLogin'

2023-04-30 01:38:19 - [MESSAGE][WARNING] - Timeout '0' is invalid. Using default page load timeout: '30'

2023-04-30 01:38:23 - [MESSAGE][PASSED] - Text 'bob@example.com' has been set to element 'Object Repository/P02-Login/editText-usernameLogin'

2023-04-30 01:38:23 - [TEST_STEP][PASSED] - setEncryptedText(findTestObject("P02-Login/editText-passwordLogin"), "tzH6RvlfSTg=", 0): Encrypted text 'tzH6RvlfSTg=' has been set to element 'Object Repository/P02-Login/editText-passwordLogin'

2023-04-30 01:38:23 - [MESSAGE][WARNING] - Timeout '0' is invalid. Using default page load timeout: '30'

2023-04-30 01:38:24 - [MESSAGE][PASSED] - Encrypted text 'tzH6RvlfSTg=' has been set to element 'Object Repository/P02-Login/editText-passwordLogin'

2023-04-30 01:38:24 - [TEST_STEP][PASSED] - tap(findTestObject("P02-Login/btn-login"), 0): Tapped on element 'Object Repository/P02-Login/btn-login'

2023-04-30 01:38:24 - [MESSAGE][WARNING] - Timeout '0' is invalid. Using default page load timeout: '30'

2023-04-30 01:38:25 - [MESSAGE][PASSED] - Tapped on element 'Object Repository/P02-Login/btn-login'

2023-04-30 01:38:25 - [TEST_STEP][PASSED] - verifyElementText(findTestObject("P02-Login/textView-warningWrongUser"), "Provided credentials do not match any user in this service."): Actual text and expected text of test object 'Object Repository/P02-Login/textView-warningWrongUser' are matched.

2023-04-30 01:38:26 - [MESSAGE][PASSED] - Actual text and expected text of test object 'Object Repository/P02-Login/textView-warningWrongUser' are matched.

2023-04-30 01:38:26 - [TEST_STEP][PASSED] - closeApplication(): Close app successfully

2023-04-30 01:38:31 - [MESSAGE][PASSED] - Close app successfully]]></system-out>
         <system-err><![CDATA[]]></system-err>
      </testcase>
      <testcase name="Test Cases/SK01-Login/Negative_Case/TC006-LoginWrongUsername" time="75.907" classname="Test Cases/SK01-Login/Negative_Case/TC006-LoginWrongUsername" status="PASSED">
         <system-out><![CDATA[2023-04-30 01:38:31 - [TEST_CASE][PASSED] - Test Cases/SK01-Login/Negative_Case/TC006-LoginWrongUsername: Test Cases/SK01-Login/Negative_Case/TC006-LoginWrongUsername

2023-04-30 01:38:33 - [TEST_STEP][PASSED] - startApplication("E:\Android-MyDemoAppRN.1.2.0.build-231_2.apk", true): Started app at: 'E:\Android-MyDemoAppRN.1.2.0.build-231_2.apk'

2023-04-30 01:38:33 - [MESSAGE][INFO] - Detected NodeJS location: "C:\Program Files\nodejs\node.exe"

2023-04-30 01:38:37 - [MESSAGE][INFO] - Appium server started on port 51.505

2023-04-30 01:39:28 - [MESSAGE][PASSED] - Started app at: 'E:\Android-MyDemoAppRN.1.2.0.build-231_2.apk'

2023-04-30 01:39:28 - [TEST_STEP][PASSED] - tap(findTestObject("P01-Product/btn-burgerMenu"), 0): Tapped on element 'Object Repository/P01-Product/btn-burgerMenu'

2023-04-30 01:39:28 - [MESSAGE][WARNING] - Timeout '0' is invalid. Using default page load timeout: '30'

2023-04-30 01:39:29 - [MESSAGE][PASSED] - Tapped on element 'Object Repository/P01-Product/btn-burgerMenu'

2023-04-30 01:39:29 - [TEST_STEP][PASSED] - scrollToText("Log In"): Scrolling to text 'Log In' successfully

2023-04-30 01:39:33 - [MESSAGE][PASSED] - Scrolling to text 'Log In' successfully

2023-04-30 01:39:33 - [TEST_STEP][PASSED] - tap(findTestObject("P01-Product/btn-BurgerMenu_login"), 0): Tapped on element 'Object Repository/P01-Product/btn-BurgerMenu_login'

2023-04-30 01:39:33 - [MESSAGE][WARNING] - Timeout '0' is invalid. Using default page load timeout: '30'

2023-04-30 01:39:34 - [MESSAGE][PASSED] - Tapped on element 'Object Repository/P01-Product/btn-BurgerMenu_login'

2023-04-30 01:39:34 - [TEST_STEP][PASSED] - setText(findTestObject("P02-Login/editText-usernameLogin"), "ali@example.com", 0): Text 'ali@example.com' has been set to element 'Object Repository/P02-Login/editText-usernameLogin'

2023-04-30 01:39:35 - [MESSAGE][WARNING] - Timeout '0' is invalid. Using default page load timeout: '30'

2023-04-30 01:39:38 - [MESSAGE][PASSED] - Text 'ali@example.com' has been set to element 'Object Repository/P02-Login/editText-usernameLogin'

2023-04-30 01:39:38 - [TEST_STEP][PASSED] - setEncryptedText(findTestObject("P02-Login/editText-passwordLogin"), "dbXIBZ66cuht4KTRMDozZw==", 0): Encrypted text 'dbXIBZ66cuht4KTRMDozZw==' has been set to element 'Object Repository/P02-Login/editText-passwordLogin'

2023-04-30 01:39:39 - [MESSAGE][WARNING] - Timeout '0' is invalid. Using default page load timeout: '30'

2023-04-30 01:39:40 - [MESSAGE][PASSED] - Encrypted text 'dbXIBZ66cuht4KTRMDozZw==' has been set to element 'Object Repository/P02-Login/editText-passwordLogin'

2023-04-30 01:39:40 - [TEST_STEP][PASSED] - tap(findTestObject("P02-Login/btn-login"), 0): Tapped on element 'Object Repository/P02-Login/btn-login'

2023-04-30 01:39:40 - [MESSAGE][WARNING] - Timeout '0' is invalid. Using default page load timeout: '30'

2023-04-30 01:39:41 - [MESSAGE][PASSED] - Tapped on element 'Object Repository/P02-Login/btn-login'

2023-04-30 01:39:41 - [TEST_STEP][PASSED] - verifyElementText(findTestObject("P02-Login/textView-warningWrongUser"), "Provided credentials do not match any user in this service."): Actual text and expected text of test object 'Object Repository/P02-Login/textView-warningWrongUser' are matched.

2023-04-30 01:39:42 - [MESSAGE][PASSED] - Actual text and expected text of test object 'Object Repository/P02-Login/textView-warningWrongUser' are matched.

2023-04-30 01:39:42 - [TEST_STEP][PASSED] - closeApplication(): Close app successfully

2023-04-30 01:39:47 - [MESSAGE][PASSED] - Close app successfully]]></system-out>
         <system-err><![CDATA[]]></system-err>
      </testcase>
      <testcase name="Test Cases/SK01-Login/Negative_Case/TC007-LoginEmptyFields" time="74.061" classname="Test Cases/SK01-Login/Negative_Case/TC007-LoginEmptyFields" status="PASSED">
         <system-out><![CDATA[2023-04-30 01:39:47 - [TEST_CASE][PASSED] - Test Cases/SK01-Login/Negative_Case/TC007-LoginEmptyFields: Test Cases/SK01-Login/Negative_Case/TC007-LoginEmptyFields

2023-04-30 01:39:49 - [TEST_STEP][PASSED] - startApplication("E:\Android-MyDemoAppRN.1.2.0.build-231_2.apk", true): Started app at: 'E:\Android-MyDemoAppRN.1.2.0.build-231_2.apk'

2023-04-30 01:39:49 - [MESSAGE][INFO] - Detected NodeJS location: "C:\Program Files\nodejs\node.exe"

2023-04-30 01:39:53 - [MESSAGE][INFO] - Appium server started on port 51.642

2023-04-30 01:40:44 - [MESSAGE][PASSED] - Started app at: 'E:\Android-MyDemoAppRN.1.2.0.build-231_2.apk'

2023-04-30 01:40:44 - [TEST_STEP][PASSED] - tap(findTestObject("P01-Product/btn-burgerMenu"), 0): Tapped on element 'Object Repository/P01-Product/btn-burgerMenu'

2023-04-30 01:40:45 - [MESSAGE][WARNING] - Timeout '0' is invalid. Using default page load timeout: '30'

2023-04-30 01:40:46 - [MESSAGE][PASSED] - Tapped on element 'Object Repository/P01-Product/btn-burgerMenu'

2023-04-30 01:40:46 - [TEST_STEP][PASSED] - scrollToText("Log In"): Scrolling to text 'Log In' successfully

2023-04-30 01:40:49 - [MESSAGE][PASSED] - Scrolling to text 'Log In' successfully

2023-04-30 01:40:49 - [TEST_STEP][PASSED] - tap(findTestObject("P01-Product/btn-BurgerMenu_login"), 0): Tapped on element 'Object Repository/P01-Product/btn-BurgerMenu_login'

2023-04-30 01:40:50 - [MESSAGE][WARNING] - Timeout '0' is invalid. Using default page load timeout: '30'

2023-04-30 01:40:51 - [MESSAGE][PASSED] - Tapped on element 'Object Repository/P01-Product/btn-BurgerMenu_login'

2023-04-30 01:40:51 - [TEST_STEP][PASSED] - tap(findTestObject("P02-Login/btn-login"), 0): Tapped on element 'Object Repository/P02-Login/btn-login'

2023-04-30 01:40:51 - [MESSAGE][WARNING] - Timeout '0' is invalid. Using default page load timeout: '30'

2023-04-30 01:40:54 - [MESSAGE][PASSED] - Tapped on element 'Object Repository/P02-Login/btn-login'

2023-04-30 01:40:54 - [TEST_STEP][PASSED] - verifyElementText(findTestObject("P02-Login/textView-UsernameError"), "Username is required"): Actual text and expected text of test object 'Object Repository/P02-Login/textView-UsernameError' are matched.

2023-04-30 01:40:56 - [MESSAGE][PASSED] - Actual text and expected text of test object 'Object Repository/P02-Login/textView-UsernameError' are matched.

2023-04-30 01:40:56 - [TEST_STEP][PASSED] - closeApplication(): Close app successfully

2023-04-30 01:41:01 - [MESSAGE][PASSED] - Close app successfully]]></system-out>
         <system-err><![CDATA[]]></system-err>
      </testcase>
      <testcase name="Test Cases/SK01-Login/Negative_Case/TC008-LoginEmptyUsername" time="73.401" classname="Test Cases/SK01-Login/Negative_Case/TC008-LoginEmptyUsername" status="PASSED">
         <system-out><![CDATA[2023-04-30 01:41:01 - [TEST_CASE][PASSED] - Test Cases/SK01-Login/Negative_Case/TC008-LoginEmptyUsername: Test Cases/SK01-Login/Negative_Case/TC008-LoginEmptyUsername

2023-04-30 01:41:03 - [TEST_STEP][PASSED] - startApplication("E:\Android-MyDemoAppRN.1.2.0.build-231_2.apk", true): Started app at: 'E:\Android-MyDemoAppRN.1.2.0.build-231_2.apk'

2023-04-30 01:41:03 - [MESSAGE][INFO] - Detected NodeJS location: "C:\Program Files\nodejs\node.exe"

2023-04-30 01:41:07 - [MESSAGE][INFO] - Appium server started on port 51.771

2023-04-30 01:41:56 - [MESSAGE][PASSED] - Started app at: 'E:\Android-MyDemoAppRN.1.2.0.build-231_2.apk'

2023-04-30 01:41:56 - [TEST_STEP][PASSED] - tap(findTestObject("P01-Product/btn-burgerMenu"), 0): Tapped on element 'Object Repository/P01-Product/btn-burgerMenu'

2023-04-30 01:41:57 - [MESSAGE][WARNING] - Timeout '0' is invalid. Using default page load timeout: '30'

2023-04-30 01:41:58 - [MESSAGE][PASSED] - Tapped on element 'Object Repository/P01-Product/btn-burgerMenu'

2023-04-30 01:41:58 - [TEST_STEP][PASSED] - scrollToText("Log In"): Scrolling to text 'Log In' successfully

2023-04-30 01:42:02 - [MESSAGE][PASSED] - Scrolling to text 'Log In' successfully

2023-04-30 01:42:02 - [TEST_STEP][PASSED] - tap(findTestObject("P01-Product/btn-BurgerMenu_login"), 0): Tapped on element 'Object Repository/P01-Product/btn-BurgerMenu_login'

2023-04-30 01:42:02 - [MESSAGE][WARNING] - Timeout '0' is invalid. Using default page load timeout: '30'

2023-04-30 01:42:03 - [MESSAGE][PASSED] - Tapped on element 'Object Repository/P01-Product/btn-BurgerMenu_login'

2023-04-30 01:42:03 - [TEST_STEP][PASSED] - setEncryptedText(findTestObject("P02-Login/editText-passwordLogin"), "dbXIBZ66cuht4KTRMDozZw==", 0): Encrypted text 'dbXIBZ66cuht4KTRMDozZw==' has been set to element 'Object Repository/P02-Login/editText-passwordLogin'

2023-04-30 01:42:04 - [MESSAGE][WARNING] - Timeout '0' is invalid. Using default page load timeout: '30'

2023-04-30 01:42:07 - [MESSAGE][PASSED] - Encrypted text 'dbXIBZ66cuht4KTRMDozZw==' has been set to element 'Object Repository/P02-Login/editText-passwordLogin'

2023-04-30 01:42:07 - [TEST_STEP][PASSED] - tap(findTestObject("P02-Login/btn-login"), 0): Tapped on element 'Object Repository/P02-Login/btn-login'

2023-04-30 01:42:08 - [MESSAGE][WARNING] - Timeout '0' is invalid. Using default page load timeout: '30'

2023-04-30 01:42:08 - [MESSAGE][PASSED] - Tapped on element 'Object Repository/P02-Login/btn-login'

2023-04-30 01:42:08 - [TEST_STEP][PASSED] - verifyElementText(findTestObject("P02-Login/textView-UsernameError"), "Username is required"): Actual text and expected text of test object 'Object Repository/P02-Login/textView-UsernameError' are matched.

2023-04-30 01:42:10 - [MESSAGE][PASSED] - Actual text and expected text of test object 'Object Repository/P02-Login/textView-UsernameError' are matched.

2023-04-30 01:42:10 - [TEST_STEP][PASSED] - closeApplication(): Close app successfully

2023-04-30 01:42:14 - [MESSAGE][PASSED] - Close app successfully]]></system-out>
         <system-err><![CDATA[]]></system-err>
      </testcase>
      <testcase name="Test Cases/SK01-Login/Negative_Case/TC009-LoginEmptyPassword" time="73.967" classname="Test Cases/SK01-Login/Negative_Case/TC009-LoginEmptyPassword" status="PASSED">
         <system-out><![CDATA[2023-04-30 01:42:14 - [TEST_CASE][PASSED] - Test Cases/SK01-Login/Negative_Case/TC009-LoginEmptyPassword: Test Cases/SK01-Login/Negative_Case/TC009-LoginEmptyPassword

2023-04-30 01:42:16 - [TEST_STEP][PASSED] - startApplication("E:\Android-MyDemoAppRN.1.2.0.build-231_2.apk", true): Started app at: 'E:\Android-MyDemoAppRN.1.2.0.build-231_2.apk'

2023-04-30 01:42:17 - [MESSAGE][INFO] - Detected NodeJS location: "C:\Program Files\nodejs\node.exe"

2023-04-30 01:42:20 - [MESSAGE][INFO] - Appium server started on port 51.906

2023-04-30 01:43:10 - [MESSAGE][PASSED] - Started app at: 'E:\Android-MyDemoAppRN.1.2.0.build-231_2.apk'

2023-04-30 01:43:10 - [TEST_STEP][PASSED] - tap(findTestObject("P01-Product/btn-burgerMenu"), 0): Tapped on element 'Object Repository/P01-Product/btn-burgerMenu'

2023-04-30 01:43:11 - [MESSAGE][WARNING] - Timeout '0' is invalid. Using default page load timeout: '30'

2023-04-30 01:43:12 - [MESSAGE][PASSED] - Tapped on element 'Object Repository/P01-Product/btn-burgerMenu'

2023-04-30 01:43:12 - [TEST_STEP][PASSED] - scrollToText("Log In"): Scrolling to text 'Log In' successfully

2023-04-30 01:43:15 - [MESSAGE][PASSED] - Scrolling to text 'Log In' successfully

2023-04-30 01:43:15 - [TEST_STEP][PASSED] - tap(findTestObject("P01-Product/btn-BurgerMenu_login"), 0): Tapped on element 'Object Repository/P01-Product/btn-BurgerMenu_login'

2023-04-30 01:43:16 - [MESSAGE][WARNING] - Timeout '0' is invalid. Using default page load timeout: '30'

2023-04-30 01:43:17 - [MESSAGE][PASSED] - Tapped on element 'Object Repository/P01-Product/btn-BurgerMenu_login'

2023-04-30 01:43:17 - [TEST_STEP][PASSED] - setText(findTestObject("P02-Login/editText-usernameLogin"), "bob@example.com", 0): Text 'bob@example.com' has been set to element 'Object Repository/P02-Login/editText-usernameLogin'

2023-04-30 01:43:17 - [MESSAGE][WARNING] - Timeout '0' is invalid. Using default page load timeout: '30'

2023-04-30 01:43:21 - [MESSAGE][PASSED] - Text 'bob@example.com' has been set to element 'Object Repository/P02-Login/editText-usernameLogin'

2023-04-30 01:43:21 - [TEST_STEP][PASSED] - tap(findTestObject("P02-Login/btn-login"), 0): Tapped on element 'Object Repository/P02-Login/btn-login'

2023-04-30 01:43:22 - [MESSAGE][WARNING] - Timeout '0' is invalid. Using default page load timeout: '30'

2023-04-30 01:43:22 - [MESSAGE][PASSED] - Tapped on element 'Object Repository/P02-Login/btn-login'

2023-04-30 01:43:22 - [TEST_STEP][PASSED] - verifyElementText(findTestObject("P02-Login/textView-passwordError"), "Password is required"): Actual text and expected text of test object 'Object Repository/P02-Login/textView-passwordError' are matched.

2023-04-30 01:43:24 - [MESSAGE][PASSED] - Actual text and expected text of test object 'Object Repository/P02-Login/textView-passwordError' are matched.

2023-04-30 01:43:24 - [TEST_STEP][PASSED] - closeApplication(): Close app successfully

2023-04-30 01:43:28 - [MESSAGE][PASSED] - Close app successfully]]></system-out>
         <system-err><![CDATA[]]></system-err>
      </testcase>
      <system-out><![CDATA[2023-04-30 01:35:43 - [TEST_SUITE][PASSED] - TS0002-NegativeLogin: Test Cases/SK01-Login/Negative_Case/TC009-LoginEmptyPassword]]></system-out>
      <system-err><![CDATA[]]></system-err>
   </testsuite>
</testsuites>
